2019-07-16 13:33:55 ERROR Test:10 - test
2019-07-16T13:39:46,803 [main] ERROR (Test.java:10) - test
2019-07-16T13:43:00,510 [main] ERROR (Test.java:10) - test
2019-07-16T13:52:37,758 [main] ERROR (Test.java:10) - test
2019-07-16T13:53:37,858 [main] ERROR (Test.java:10) - test
2019-07-16T13:54:15,463 [main] ERROR (Test.java:10) - test
[ERROR] 2019-07-16 13:55:26.624 [main] Test - test
[ERROR] 2019-07-16 13:56:45 Test [main]  - test
[ERROR] 2019-07-16 13:57:24 Test.class [main]-test
[ERROR] 2019-07-16 14:01:31 Test.class [main]-test
